<?xml version="1.0" encoding="UTF-8"?>
<!-- Generated by org.testng.reporters.JUnitXMLReporter -->
<testsuite hostname="TYSS-MF-034" ignored="8" name="Default test" tests="1" failures="0" timestamp="02 Jan 2018 14:15:41 GMT" time="2.968" errors="0">
  <testcase name="validation" time="2.945" classname="com.techmahindra.nad.api.tests.GitLabAPITestSuite"/>
  <testcase name="listUsers" time="0.0" classname="com.techmahindra.nad.api.tests.GitLabAPITestSuite">
    <ignored/>
  </testcase> <!-- listUsers -->
  <testcase name="addMemberToProject" time="0.0" classname="com.techmahindra.nad.api.tests.GitLabAPITestSuite">
    <ignored/>
  </testcase> <!-- addMemberToProject -->
  <testcase name="listRepositoryBranches" time="0.0" classname="com.techmahindra.nad.api.tests.GitLabAPITestSuite">
    <ignored/>
  </testcase> <!-- listRepositoryBranches -->
  <testcase name="listBranch" time="0.0" classname="com.techmahindra.nad.api.tests.GitLabAPITestSuite">
    <ignored/>
  </testcase> <!-- listBranch -->
  <testcase name="editMemberToProject" time="0.0" classname="com.techmahindra.nad.api.tests.GitLabAPITestSuite">
    <ignored/>
  </testcase> <!-- editMemberToProject -->
  <testcase name="listAllProjects" time="0.0" classname="com.techmahindra.nad.api.tests.GitLabAPITestSuite">
    <ignored/>
  </testcase> <!-- listAllProjects -->
  <testcase name="listMergeRequest" time="0.0" classname="com.techmahindra.nad.api.tests.GitLabAPITestSuite">
    <ignored/>
  </testcase> <!-- listMergeRequest -->
  <testcase name="listAllMembersOfProjects" time="0.0" classname="com.techmahindra.nad.api.tests.GitLabAPITestSuite">
    <ignored/>
  </testcase> <!-- listAllMembersOfProjects -->
</testsuite> <!-- Default test -->
