<?xml version="1.0" encoding="UTF-8"?>
<!-- Generated by org.testng.reporters.JUnitXMLReporter -->
<testsuite hostname="TYSS-MF-034" ignored="0" name="GitAPI Test" tests="9" failures="1" timestamp="02 Jan 2018 07:34:03 GMT" time="79.802" errors="0">
  <testcase name="listAllProjects" time="33.681" classname="com.techmahindra.nad.api.tests.GitLabAPITestSuite"/>
  <testcase name="listAllMembersOfProjects" time="1.092" classname="com.techmahindra.nad.api.tests.GitLabAPITestSuite"/>
  <testcase name="listBranch" time="0.151" classname="com.techmahindra.nad.api.tests.GitLabAPITestSuite">
    <failure type="java.lang.AssertionError" message="Status code are not equal expected [200] but found [503]">
      <![CDATA[java.lang.AssertionError: Status code are not equal expected [200] but found [503]
	at com.techmahindra.nad.api.factory.BaseApiLib.verifyStatus(BaseApiLib.java:27)
	at com.techmahindra.nad.api.tests.GitLabAPITestSuite.listBranch(GitLabAPITestSuite.java:152)
... Removed 30 stack frames]]>
    </failure>
  </testcase> <!-- listBranch -->
  <testcase name="listUsers" time="21.971" classname="com.techmahindra.nad.api.tests.GitLabAPITestSuite"/>
  <testcase name="listMergeRequest" time="0.448" classname="com.techmahindra.nad.api.tests.GitLabAPITestSuite"/>
  <testcase name="listRepositoryBranches" time="0.346" classname="com.techmahindra.nad.api.tests.GitLabAPITestSuite"/>
  <testcase name="validation" time="21.164" classname="com.techmahindra.nad.api.tests.GitLabAPITestSuite"/>
  <testcase name="addMemberToProject" time="0.551" classname="com.techmahindra.nad.api.tests.GitLabAPITestSuite"/>
  <testcase name="editMemberToProject" time="0.366" classname="com.techmahindra.nad.api.tests.GitLabAPITestSuite"/>
</testsuite> <!-- GitAPI Test -->
